0 info it worked if it ends with ok
1 verbose cli [ '/Users/jonathanhudak/.nvm/versions/node/v7.7.2/bin/node',
1 verbose cli   '/Users/jonathanhudak/.nvm/versions/node/v7.7.2/bin/npm',
1 verbose cli   'run',
1 verbose cli   'deploy' ]
2 info using npm@4.1.2
3 info using node@v7.7.2
4 verbose run-script [ 'predeploy', 'deploy', 'postdeploy' ]
5 info lifecycle hpandco@1.0.0~predeploy: hpandco@1.0.0
6 silly lifecycle hpandco@1.0.0~predeploy: no script for predeploy, continuing
7 info lifecycle hpandco@1.0.0~deploy: hpandco@1.0.0
8 verbose lifecycle hpandco@1.0.0~deploy: unsafe-perm in lifecycle true
9 verbose lifecycle hpandco@1.0.0~deploy: PATH: /Users/jonathanhudak/.nvm/versions/node/v7.7.2/lib/node_modules/npm/bin/node-gyp-bin:/Users/jonathanhudak/Sites/hp.dev/wp-content/themes/hpandco/node_modules/.bin:/Users/jonathanhudak/.rvm/gems/ruby-2.4.0/bin:/Users/jonathanhudak/.rvm/gems/ruby-2.4.0@global/bin:/Users/jonathanhudak/.rvm/rubies/ruby-2.4.0/bin:/Users/jonathanhudak/.nvm/versions/node/v7.7.2/bin:/usr/local/bin:/usr/bin:/bin:/usr/sbin:/sbin:/Users/jonathanhudak/.rvm/bin
10 verbose lifecycle hpandco@1.0.0~deploy: CWD: /Users/jonathanhudak/Sites/hp.dev/wp-content/themes/hpandco
11 silly lifecycle hpandco@1.0.0~deploy: Args: [ '-c', './scripts/buildAndDeploy' ]
12 info lifecycle hpandco@1.0.0~deploy: Failed to exec deploy script
13 verbose stack Error: hpandco@1.0.0 deploy: `./scripts/buildAndDeploy`
13 verbose stack spawn ENOENT
13 verbose stack     at ChildProcess.<anonymous> (/Users/jonathanhudak/.nvm/versions/node/v7.7.2/lib/node_modules/npm/lib/utils/spawn.js:33:16)
13 verbose stack     at emitTwo (events.js:106:13)
13 verbose stack     at ChildProcess.emit (events.js:194:7)
13 verbose stack     at maybeClose (internal/child_process.js:899:16)
13 verbose stack     at Process.ChildProcess._handle.onexit (internal/child_process.js:226:5)
14 verbose pkgid hpandco@1.0.0
15 verbose cwd /Users/jonathanhudak/Sites/hp.dev/wp-content/themes/hpandco
16 error Darwin 16.4.0
17 error argv "/Users/jonathanhudak/.nvm/versions/node/v7.7.2/bin/node" "/Users/jonathanhudak/.nvm/versions/node/v7.7.2/bin/npm" "run" "deploy"
18 error node v7.7.2
19 error npm  v4.1.2
20 error file sh
21 error code ELIFECYCLE
22 error errno ENOENT
23 error syscall spawn
24 error hpandco@1.0.0 deploy: `./scripts/buildAndDeploy`
24 error spawn ENOENT
25 error Failed at the hpandco@1.0.0 deploy script './scripts/buildAndDeploy'.
25 error Make sure you have the latest version of node.js and npm installed.
25 error If you do, this is most likely a problem with the hpandco package,
25 error not with npm itself.
25 error Tell the author that this fails on your system:
25 error     ./scripts/buildAndDeploy
25 error You can get information on how to open an issue for this project with:
25 error     npm bugs hpandco
25 error Or if that isn't available, you can get their info via:
25 error     npm owner ls hpandco
25 error There is likely additional logging output above.
26 verbose exit [ 1, true ]
